2020-01-23 11:06:15 [@GLPI]
0 seconde for "optimisation - Début" @ 2020-01-23 11:06:15 [@GLPI]
0 seconde for "optimisation - glpi_alerts" @ 2020-01-23 11:06:15 [@GLPI]
0 seconde for "optimisation - glpi_apiclients" @ 2020-01-23 11:06:15 [@GLPI]
0 seconde for "optimisation - glpi_authldapreplicates" @ 2020-01-23 11:06:15 [@GLPI]
0 seconde for "optimisation - glpi_authldaps" @ 2020-01-23 11:06:15 [@GLPI]
0 seconde for "optimisation - glpi_authmails" @ 2020-01-23 11:06:15 [@GLPI]
0 seconde for "optimisation - glpi_autoupdatesystems" @ 2020-01-23 11:06:15 [@GLPI]
0 seconde for "optimisation - glpi_blacklistedmailcontents" @ 2020-01-23 11:06:15 [@GLPI]
0 seconde for "optimisation - glpi_blacklists" @ 2020-01-23 11:06:15 [@GLPI]
0 seconde for "optimisation - glpi_bookmarks" @ 2020-01-23 11:06:15 [@GLPI]
0 seconde for "optimisation - glpi_bookmarks_users" @ 2020-01-23 11:06:15 [@GLPI]
0 seconde for "optimisation - glpi_budgets" @ 2020-01-23 11:06:15 [@GLPI]
0 seconde for "optimisation - glpi_budgettypes" @ 2020-01-23 11:06:15 [@GLPI]
0 seconde for "optimisation - glpi_businesscriticities" @ 2020-01-23 11:06:15 [@GLPI]
0 seconde for "optimisation - glpi_calendars" @ 2020-01-23 11:06:15 [@GLPI]
0 seconde for "optimisation - glpi_calendars_holidays" @ 2020-01-23 11:06:15 [@GLPI]
0 seconde for "optimisation - glpi_calendarsegments" @ 2020-01-23 11:06:15 [@GLPI]
0 seconde for "optimisation - glpi_cartridgeitems" @ 2020-01-23 11:06:15 [@GLPI]
0 seconde for "optimisation - glpi_cartridgeitems_printermodels" @ 2020-01-23 11:06:15 [@GLPI]
0 seconde for "optimisation - glpi_cartridgeitemtypes" @ 2020-01-23 11:06:15 [@GLPI]
0 seconde for "optimisation - glpi_cartridges" @ 2020-01-23 11:06:15 [@GLPI]
0 seconde for "optimisation - glpi_certificates" @ 2020-01-23 11:06:15 [@GLPI]
0 seconde for "optimisation - glpi_certificates_items" @ 2020-01-23 11:06:15 [@GLPI]
0 seconde for "optimisation - glpi_certificatetypes" @ 2020-01-23 11:06:15 [@GLPI]
0 seconde for "optimisation - glpi_changecosts" @ 2020-01-23 11:06:15 [@GLPI]
0 seconde for "optimisation - glpi_changes" @ 2020-01-23 11:06:15 [@GLPI]
0 seconde for "optimisation - glpi_changes_groups" @ 2020-01-23 11:06:15 [@GLPI]
0 seconde for "optimisation - glpi_changes_items" @ 2020-01-23 11:06:15 [@GLPI]
0 seconde for "optimisation - glpi_changes_problems" @ 2020-01-23 11:06:15 [@GLPI]
0 seconde for "optimisation - glpi_changes_projects" @ 2020-01-23 11:06:15 [@GLPI]
0 seconde for "optimisation - glpi_changes_suppliers" @ 2020-01-23 11:06:15 [@GLPI]
0 seconde for "optimisation - glpi_changes_tickets" @ 2020-01-23 11:06:15 [@GLPI]
0 seconde for "optimisation - glpi_changes_users" @ 2020-01-23 11:06:15 [@GLPI]
0 seconde for "optimisation - glpi_changetasks" @ 2020-01-23 11:06:15 [@GLPI]
0 seconde for "optimisation - glpi_changevalidations" @ 2020-01-23 11:06:15 [@GLPI]
0 seconde for "optimisation - glpi_computerantiviruses" @ 2020-01-23 11:06:15 [@GLPI]
0 seconde for "optimisation - glpi_computerdisks" @ 2020-01-23 11:06:15 [@GLPI]
0 seconde for "optimisation - glpi_computermodels" @ 2020-01-23 11:06:15 [@GLPI]
0 seconde for "optimisation - glpi_computers" @ 2020-01-23 11:06:15 [@GLPI]
0 seconde for "optimisation - glpi_computers_items" @ 2020-01-23 11:06:15 [@GLPI]
0 seconde for "optimisation - glpi_computers_softwarelicenses" @ 2020-01-23 11:06:15 [@GLPI]
0 seconde for "optimisation - glpi_computers_softwareversions" @ 2020-01-23 11:06:15 [@GLPI]
0 seconde for "optimisation - glpi_computertypes" @ 2020-01-23 11:06:15 [@GLPI]
0 seconde for "optimisation - glpi_computervirtualmachines" @ 2020-01-23 11:06:15 [@GLPI]
0 seconde for "optimisation - glpi_configs" @ 2020-01-23 11:06:15 [@GLPI]
0 seconde for "optimisation - glpi_consumableitems" @ 2020-01-23 11:06:15 [@GLPI]
0 seconde for "optimisation - glpi_consumableitemtypes" @ 2020-01-23 11:06:15 [@GLPI]
0 seconde for "optimisation - glpi_consumables" @ 2020-01-23 11:06:15 [@GLPI]
0 seconde for "optimisation - glpi_contacts" @ 2020-01-23 11:06:15 [@GLPI]
0 seconde for "optimisation - glpi_contacts_suppliers" @ 2020-01-23 11:06:15 [@GLPI]
0 seconde for "optimisation - glpi_contacttypes" @ 2020-01-23 11:06:15 [@GLPI]
0 seconde for "optimisation - glpi_contractcosts" @ 2020-01-23 11:06:15 [@GLPI]
0 seconde for "optimisation - glpi_contracts" @ 2020-01-23 11:06:15 [@GLPI]
0 seconde for "optimisation - glpi_contracts_items" @ 2020-01-23 11:06:15 [@GLPI]
0 seconde for "optimisation - glpi_contracts_suppliers" @ 2020-01-23 11:06:15 [@GLPI]
0 seconde for "optimisation - glpi_contracttypes" @ 2020-01-23 11:06:15 [@GLPI]
0 seconde for "optimisation - glpi_crontasklogs" @ 2020-01-23 11:06:15 [@GLPI]
0 seconde for "optimisation - glpi_crontasks" @ 2020-01-23 11:06:15 [@GLPI]
0 seconde for "optimisation - glpi_devicebatteries" @ 2020-01-23 11:06:15 [@GLPI]
0 seconde for "optimisation - glpi_devicebatterymodels" @ 2020-01-23 11:06:15 [@GLPI]
0 seconde for "optimisation - glpi_devicebatterytypes" @ 2020-01-23 11:06:15 [@GLPI]
0 seconde for "optimisation - glpi_devicecasemodels" @ 2020-01-23 11:06:15 [@GLPI]
0 seconde for "optimisation - glpi_devicecases" @ 2020-01-23 11:06:15 [@GLPI]
0 seconde for "optimisation - glpi_devicecasetypes" @ 2020-01-23 11:06:15 [@GLPI]
0 seconde for "optimisation - glpi_devicecontrolmodels" @ 2020-01-23 11:06:15 [@GLPI]
0 seconde for "optimisation - glpi_devicecontrols" @ 2020-01-23 11:06:15 [@GLPI]
0 seconde for "optimisation - glpi_devicedrivemodels" @ 2020-01-23 11:06:15 [@GLPI]
0 seconde for "optimisation - glpi_devicedrives" @ 2020-01-23 11:06:15 [@GLPI]
0 seconde for "optimisation - glpi_devicefirmwaremodels" @ 2020-01-23 11:06:15 [@GLPI]
0 seconde for "optimisation - glpi_devicefirmwares" @ 2020-01-23 11:06:15 [@GLPI]
0 seconde for "optimisation - glpi_devicefirmwaretypes" @ 2020-01-23 11:06:15 [@GLPI]
0 seconde for "optimisation - glpi_devicegenericmodels" @ 2020-01-23 11:06:15 [@GLPI]
0 seconde for "optimisation - glpi_devicegenerics" @ 2020-01-23 11:06:15 [@GLPI]
0 seconde for "optimisation - glpi_devicegenerictypes" @ 2020-01-23 11:06:15 [@GLPI]
0 seconde for "optimisation - glpi_devicegraphiccardmodels" @ 2020-01-23 11:06:15 [@GLPI]
0 seconde for "optimisation - glpi_devicegraphiccards" @ 2020-01-23 11:06:15 [@GLPI]
0 seconde for "optimisation - glpi_deviceharddrivemodels" @ 2020-01-23 11:06:15 [@GLPI]
0 seconde for "optimisation - glpi_deviceharddrives" @ 2020-01-23 11:06:15 [@GLPI]
0 seconde for "optimisation - glpi_devicememories" @ 2020-01-23 11:06:15 [@GLPI]
0 seconde for "optimisation - glpi_devicememorymodels" @ 2020-01-23 11:06:15 [@GLPI]
0 seconde for "optimisation - glpi_devicememorytypes" @ 2020-01-23 11:06:15 [@GLPI]
0 seconde for "optimisation - glpi_devicemotherboardmodels" @ 2020-01-23 11:06:15 [@GLPI]
0 seconde for "optimisation - glpi_devicemotherboards" @ 2020-01-23 11:06:15 [@GLPI]
0 seconde for "optimisation - glpi_devicenetworkcardmodels" @ 2020-01-23 11:06:15 [@GLPI]
0 seconde for "optimisation - glpi_devicenetworkcards" @ 2020-01-23 11:06:15 [@GLPI]
0 seconde for "optimisation - glpi_devicepcimodels" @ 2020-01-23 11:06:15 [@GLPI]
0 seconde for "optimisation - glpi_devicepcis" @ 2020-01-23 11:06:15 [@GLPI]
0 seconde for "optimisation - glpi_devicepowersupplies" @ 2020-01-23 11:06:15 [@GLPI]
0 seconde for "optimisation - glpi_devicepowersupplymodels" @ 2020-01-23 11:06:15 [@GLPI]
0 seconde for "optimisation - glpi_deviceprocessormodels" @ 2020-01-23 11:06:15 [@GLPI]
0 seconde for "optimisation - glpi_deviceprocessors" @ 2020-01-23 11:06:15 [@GLPI]
0 seconde for "optimisation - glpi_devicesensormodels" @ 2020-01-23 11:06:15 [@GLPI]
0 seconde for "optimisation - glpi_devicesensors" @ 2020-01-23 11:06:15 [@GLPI]
0 seconde for "optimisation - glpi_devicesensortypes" @ 2020-01-23 11:06:15 [@GLPI]
0 seconde for "optimisation - glpi_devicesimcards" @ 2020-01-23 11:06:15 [@GLPI]
0 seconde for "optimisation - glpi_devicesimcardtypes" @ 2020-01-23 11:06:15 [@GLPI]
0 seconde for "optimisation - glpi_devicesoundcardmodels" @ 2020-01-23 11:06:15 [@GLPI]
0 seconde for "optimisation - glpi_devicesoundcards" @ 2020-01-23 11:06:15 [@GLPI]
0 seconde for "optimisation - glpi_displaypreferences" @ 2020-01-23 11:06:15 [@GLPI]
0 seconde for "optimisation - glpi_documentcategories" @ 2020-01-23 11:06:15 [@GLPI]
0 seconde for "optimisation - glpi_documents" @ 2020-01-23 11:06:15 [@GLPI]
0 seconde for "optimisation - glpi_documents_items" @ 2020-01-23 11:06:15 [@GLPI]
0 seconde for "optimisation - glpi_documenttypes" @ 2020-01-23 11:06:15 [@GLPI]
0 seconde for "optimisation - glpi_domains" @ 2020-01-23 11:06:15 [@GLPI]
0 seconde for "optimisation - glpi_dropdowntranslations" @ 2020-01-23 11:06:15 [@GLPI]
0 seconde for "optimisation - glpi_entities" @ 2020-01-23 11:06:15 [@GLPI]
0 seconde for "optimisation - glpi_entities_knowbaseitems" @ 2020-01-23 11:06:15 [@GLPI]
0 seconde for "optimisation - glpi_entities_reminders" @ 2020-01-23 11:06:15 [@GLPI]
0 seconde for "optimisation - glpi_entities_rssfeeds" @ 2020-01-23 11:06:15 [@GLPI]
0 seconde for "optimisation - glpi_events" @ 2020-01-23 11:06:15 [@GLPI]
0 seconde for "optimisation - glpi_fieldblacklists" @ 2020-01-23 11:06:15 [@GLPI]
0 seconde for "optimisation - glpi_fieldunicities" @ 2020-01-23 11:06:15 [@GLPI]
0 seconde for "optimisation - glpi_filesystems" @ 2020-01-23 11:06:15 [@GLPI]
0 seconde for "optimisation - glpi_fqdns" @ 2020-01-23 11:06:15 [@GLPI]
0 seconde for "optimisation - glpi_groups" @ 2020-01-23 11:06:15 [@GLPI]
0 seconde for "optimisation - glpi_groups_knowbaseitems" @ 2020-01-23 11:06:15 [@GLPI]
0 seconde for "optimisation - glpi_groups_problems" @ 2020-01-23 11:06:15 [@GLPI]
0 seconde for "optimisation - glpi_groups_reminders" @ 2020-01-23 11:06:15 [@GLPI]
0 seconde for "optimisation - glpi_groups_rssfeeds" @ 2020-01-23 11:06:15 [@GLPI]
0 seconde for "optimisation - glpi_groups_tickets" @ 2020-01-23 11:06:15 [@GLPI]
0 seconde for "optimisation - glpi_groups_users" @ 2020-01-23 11:06:15 [@GLPI]
0 seconde for "optimisation - glpi_holidays" @ 2020-01-23 11:06:16 [@GLPI]
1 seconde for "optimisation - glpi_infocoms" @ 2020-01-23 11:06:16 [@GLPI]
0 seconde for "optimisation - glpi_interfacetypes" @ 2020-01-23 11:06:16 [@GLPI]
0 seconde for "optimisation - glpi_ipaddresses" @ 2020-01-23 11:06:16 [@GLPI]
0 seconde for "optimisation - glpi_ipaddresses_ipnetworks" @ 2020-01-23 11:06:16 [@GLPI]
0 seconde for "optimisation - glpi_ipnetworks" @ 2020-01-23 11:06:16 [@GLPI]
0 seconde for "optimisation - glpi_ipnetworks_vlans" @ 2020-01-23 11:06:16 [@GLPI]
0 seconde for "optimisation - glpi_items_devicebatteries" @ 2020-01-23 11:06:16 [@GLPI]
0 seconde for "optimisation - glpi_items_devicecases" @ 2020-01-23 11:06:16 [@GLPI]
0 seconde for "optimisation - glpi_items_devicecontrols" @ 2020-01-23 11:06:16 [@GLPI]
0 seconde for "optimisation - glpi_items_devicedrives" @ 2020-01-23 11:06:16 [@GLPI]
0 seconde for "optimisation - glpi_items_devicefirmwares" @ 2020-01-23 11:06:16 [@GLPI]
0 seconde for "optimisation - glpi_items_devicegenerics" @ 2020-01-23 11:06:16 [@GLPI]
0 seconde for "optimisation - glpi_items_devicegraphiccards" @ 2020-01-23 11:06:16 [@GLPI]
0 seconde for "optimisation - glpi_items_deviceharddrives" @ 2020-01-23 11:06:16 [@GLPI]
0 seconde for "optimisation - glpi_items_devicememories" @ 2020-01-23 11:06:16 [@GLPI]
0 seconde for "optimisation - glpi_items_devicemotherboards" @ 2020-01-23 11:06:16 [@GLPI]
0 seconde for "optimisation - glpi_items_devicenetworkcards" @ 2020-01-23 11:06:16 [@GLPI]
0 seconde for "optimisation - glpi_items_devicepcis" @ 2020-01-23 11:06:16 [@GLPI]
0 seconde for "optimisation - glpi_items_devicepowersupplies" @ 2020-01-23 11:06:16 [@GLPI]
0 seconde for "optimisation - glpi_items_deviceprocessors" @ 2020-01-23 11:06:16 [@GLPI]
0 seconde for "optimisation - glpi_items_devicesensors" @ 2020-01-23 11:06:16 [@GLPI]
0 seconde for "optimisation - glpi_items_devicesimcards" @ 2020-01-23 11:06:16 [@GLPI]
0 seconde for "optimisation - glpi_items_devicesoundcards" @ 2020-01-23 11:06:16 [@GLPI]
0 seconde for "optimisation - glpi_items_operatingsystems" @ 2020-01-23 11:06:16 [@GLPI]
0 seconde for "optimisation - glpi_items_problems" @ 2020-01-23 11:06:16 [@GLPI]
0 seconde for "optimisation - glpi_items_projects" @ 2020-01-23 11:06:16 [@GLPI]
0 seconde for "optimisation - glpi_items_tickets" @ 2020-01-23 11:06:16 [@GLPI]
0 seconde for "optimisation - glpi_itilcategories" @ 2020-01-23 11:06:16 [@GLPI]
0 seconde for "optimisation - glpi_knowbaseitemcategories" @ 2020-01-23 11:06:16 [@GLPI]
0 seconde for "optimisation - glpi_knowbaseitems" @ 2020-01-23 11:06:16 [@GLPI]
0 seconde for "optimisation - glpi_knowbaseitems_comments" @ 2020-01-23 11:06:16 [@GLPI]
0 seconde for "optimisation - glpi_knowbaseitems_items" @ 2020-01-23 11:06:16 [@GLPI]
0 seconde for "optimisation - glpi_knowbaseitems_profiles" @ 2020-01-23 11:06:16 [@GLPI]
0 seconde for "optimisation - glpi_knowbaseitems_revisions" @ 2020-01-23 11:06:16 [@GLPI]
0 seconde for "optimisation - glpi_knowbaseitems_users" @ 2020-01-23 11:06:16 [@GLPI]
0 seconde for "optimisation - glpi_knowbaseitemtranslations" @ 2020-01-23 11:06:16 [@GLPI]
0 seconde for "optimisation - glpi_lineoperators" @ 2020-01-23 11:06:16 [@GLPI]
0 seconde for "optimisation - glpi_lines" @ 2020-01-23 11:06:16 [@GLPI]
0 seconde for "optimisation - glpi_linetypes" @ 2020-01-23 11:06:16 [@GLPI]
0 seconde for "optimisation - glpi_links" @ 2020-01-23 11:06:16 [@GLPI]
0 seconde for "optimisation - glpi_links_itemtypes" @ 2020-01-23 11:06:16 [@GLPI]
0 seconde for "optimisation - glpi_locations" @ 2020-01-23 11:06:16 [@GLPI]
0 seconde for "optimisation - glpi_logs" @ 2020-01-23 11:06:16 [@GLPI]
0 seconde for "optimisation - glpi_mailcollectors" @ 2020-01-23 11:06:16 [@GLPI]
0 seconde for "optimisation - glpi_manufacturers" @ 2020-01-23 11:06:16 [@GLPI]
0 seconde for "optimisation - glpi_monitormodels" @ 2020-01-23 11:06:16 [@GLPI]
0 seconde for "optimisation - glpi_monitors" @ 2020-01-23 11:06:16 [@GLPI]
0 seconde for "optimisation - glpi_monitortypes" @ 2020-01-23 11:06:16 [@GLPI]
0 seconde for "optimisation - glpi_netpoints" @ 2020-01-23 11:06:16 [@GLPI]
0 seconde for "optimisation - glpi_networkaliases" @ 2020-01-23 11:06:16 [@GLPI]
0 seconde for "optimisation - glpi_networkequipmentfirmwares" @ 2020-01-23 11:06:16 [@GLPI]
0 seconde for "optimisation - glpi_networkequipmentmodels" @ 2020-01-23 11:06:16 [@GLPI]
0 seconde for "optimisation - glpi_networkequipments" @ 2020-01-23 11:06:16 [@GLPI]
0 seconde for "optimisation - glpi_networkequipmenttypes" @ 2020-01-23 11:06:16 [@GLPI]
0 seconde for "optimisation - glpi_networkinterfaces" @ 2020-01-23 11:06:16 [@GLPI]
0 seconde for "optimisation - glpi_networknames" @ 2020-01-23 11:06:16 [@GLPI]
0 seconde for "optimisation - glpi_networkportaggregates" @ 2020-01-23 11:06:16 [@GLPI]
0 seconde for "optimisation - glpi_networkportaliases" @ 2020-01-23 11:06:16 [@GLPI]
0 seconde for "optimisation - glpi_networkportdialups" @ 2020-01-23 11:06:16 [@GLPI]
0 seconde for "optimisation - glpi_networkportethernets" @ 2020-01-23 11:06:16 [@GLPI]
0 seconde for "optimisation - glpi_networkportfiberchannels" @ 2020-01-23 11:06:16 [@GLPI]
0 seconde for "optimisation - glpi_networkportlocals" @ 2020-01-23 11:06:16 [@GLPI]
0 seconde for "optimisation - glpi_networkports" @ 2020-01-23 11:06:16 [@GLPI]
0 seconde for "optimisation - glpi_networkports_networkports" @ 2020-01-23 11:06:16 [@GLPI]
0 seconde for "optimisation - glpi_networkports_vlans" @ 2020-01-23 11:06:16 [@GLPI]
0 seconde for "optimisation - glpi_networkportwifis" @ 2020-01-23 11:06:16 [@GLPI]
0 seconde for "optimisation - glpi_networks" @ 2020-01-23 11:06:16 [@GLPI]
0 seconde for "optimisation - glpi_notepads" @ 2020-01-23 11:06:16 [@GLPI]
0 seconde for "optimisation - glpi_notifications" @ 2020-01-23 11:06:16 [@GLPI]
0 seconde for "optimisation - glpi_notifications_notificationtemplates" @ 2020-01-23 11:06:16 [@GLPI]
0 seconde for "optimisation - glpi_notificationtargets" @ 2020-01-23 11:06:16 [@GLPI]
0 seconde for "optimisation - glpi_notificationtemplates" @ 2020-01-23 11:06:16 [@GLPI]
0 seconde for "optimisation - glpi_notificationtemplatetranslations" @ 2020-01-23 11:06:16 [@GLPI]
0 seconde for "optimisation - glpi_notimportedemails" @ 2020-01-23 11:06:16 [@GLPI]
0 seconde for "optimisation - glpi_objectlocks" @ 2020-01-23 11:06:16 [@GLPI]
0 seconde for "optimisation - glpi_olalevelactions" @ 2020-01-23 11:06:16 [@GLPI]
0 seconde for "optimisation - glpi_olalevelcriterias" @ 2020-01-23 11:06:16 [@GLPI]
0 seconde for "optimisation - glpi_olalevels" @ 2020-01-23 11:06:16 [@GLPI]
0 seconde for "optimisation - glpi_olalevels_tickets" @ 2020-01-23 11:06:16 [@GLPI]
0 seconde for "optimisation - glpi_olas" @ 2020-01-23 11:06:16 [@GLPI]
0 seconde for "optimisation - glpi_operatingsystemarchitectures" @ 2020-01-23 11:06:16 [@GLPI]
0 seconde for "optimisation - glpi_operatingsystemeditions" @ 2020-01-23 11:06:16 [@GLPI]
0 seconde for "optimisation - glpi_operatingsystemkernels" @ 2020-01-23 11:06:16 [@GLPI]
0 seconde for "optimisation - glpi_operatingsystemkernelversions" @ 2020-01-23 11:06:16 [@GLPI]
0 seconde for "optimisation - glpi_operatingsystems" @ 2020-01-23 11:06:16 [@GLPI]
0 seconde for "optimisation - glpi_operatingsystemservicepacks" @ 2020-01-23 11:06:16 [@GLPI]
0 seconde for "optimisation - glpi_operatingsystemversions" @ 2020-01-23 11:06:16 [@GLPI]
0 seconde for "optimisation - glpi_peripheralmodels" @ 2020-01-23 11:06:16 [@GLPI]
0 seconde for "optimisation - glpi_peripherals" @ 2020-01-23 11:06:16 [@GLPI]
0 seconde for "optimisation - glpi_peripheraltypes" @ 2020-01-23 11:06:16 [@GLPI]
0 seconde for "optimisation - glpi_phonemodels" @ 2020-01-23 11:06:16 [@GLPI]
0 seconde for "optimisation - glpi_phonepowersupplies" @ 2020-01-23 11:06:16 [@GLPI]
0 seconde for "optimisation - glpi_phones" @ 2020-01-23 11:06:16 [@GLPI]
0 seconde for "optimisation - glpi_phonetypes" @ 2020-01-23 11:06:16 [@GLPI]
0 seconde for "optimisation - glpi_planningrecalls" @ 2020-01-23 11:06:16 [@GLPI]
0 seconde for "optimisation - glpi_plugin_dashboard_config" @ 2020-01-23 11:06:16 [@GLPI]
0 seconde for "optimisation - glpi_plugin_dashboard_count" @ 2020-01-23 11:06:16 [@GLPI]
0 seconde for "optimisation - glpi_plugin_dashboard_map" @ 2020-01-23 11:06:16 [@GLPI]
0 seconde for "optimisation - glpi_plugin_fusioninventory_agentmodules" @ 2020-01-23 11:06:17 [@GLPI]
1 seconde for "optimisation - glpi_plugin_fusioninventory_agents" @ 2020-01-23 11:06:17 [@GLPI]
0 seconde for "optimisation - glpi_plugin_fusioninventory_collects" @ 2020-01-23 11:06:17 [@GLPI]
0 seconde for "optimisation - glpi_plugin_fusioninventory_collects_files" @ 2020-01-23 11:06:17 [@GLPI]
0 seconde for "optimisation - glpi_plugin_fusioninventory_collects_files_contents" @ 2020-01-23 11:06:17 [@GLPI]
0 seconde for "optimisation - glpi_plugin_fusioninventory_collects_registries" @ 2020-01-23 11:06:17 [@GLPI]
0 seconde for "optimisation - glpi_plugin_fusioninventory_collects_registries_contents" @ 2020-01-23 11:06:17 [@GLPI]
0 seconde for "optimisation - glpi_plugin_fusioninventory_collects_wmis" @ 2020-01-23 11:06:17 [@GLPI]
0 seconde for "optimisation - glpi_plugin_fusioninventory_collects_wmis_contents" @ 2020-01-23 11:06:17 [@GLPI]
0 seconde for "optimisation - glpi_plugin_fusioninventory_computerlicenseinfos" @ 2020-01-23 11:06:17 [@GLPI]
0 seconde for "optimisation - glpi_plugin_fusioninventory_computerremotemanagements" @ 2020-01-23 11:06:17 [@GLPI]
0 seconde for "optimisation - glpi_plugin_fusioninventory_configlogfields" @ 2020-01-23 11:06:17 [@GLPI]
0 seconde for "optimisation - glpi_plugin_fusioninventory_configs" @ 2020-01-23 11:06:17 [@GLPI]
0 seconde for "optimisation - glpi_plugin_fusioninventory_configsecurities" @ 2020-01-23 11:06:17 [@GLPI]
0 seconde for "optimisation - glpi_plugin_fusioninventory_credentialips" @ 2020-01-23 11:06:17 [@GLPI]
0 seconde for "optimisation - glpi_plugin_fusioninventory_credentials" @ 2020-01-23 11:06:17 [@GLPI]
0 seconde for "optimisation - glpi_plugin_fusioninventory_dblockinventories" @ 2020-01-23 11:06:17 [@GLPI]
0 seconde for "optimisation - glpi_plugin_fusioninventory_dblockinventorynames" @ 2020-01-23 11:06:17 [@GLPI]
0 seconde for "optimisation - glpi_plugin_fusioninventory_dblocksoftwares" @ 2020-01-23 11:06:17 [@GLPI]
0 seconde for "optimisation - glpi_plugin_fusioninventory_dblocksoftwareversions" @ 2020-01-23 11:06:17 [@GLPI]
0 seconde for "optimisation - glpi_plugin_fusioninventory_deployfiles" @ 2020-01-23 11:06:17 [@GLPI]
0 seconde for "optimisation - glpi_plugin_fusioninventory_deploygroups" @ 2020-01-23 11:06:17 [@GLPI]
0 seconde for "optimisation - glpi_plugin_fusioninventory_deploygroups_dynamicdatas" @ 2020-01-23 11:06:17 [@GLPI]
0 seconde for "optimisation - glpi_plugin_fusioninventory_deploygroups_staticdatas" @ 2020-01-23 11:06:17 [@GLPI]
0 seconde for "optimisation - glpi_plugin_fusioninventory_deploymirrors" @ 2020-01-23 11:06:17 [@GLPI]
0 seconde for "optimisation - glpi_plugin_fusioninventory_deploypackages" @ 2020-01-23 11:06:17 [@GLPI]
0 seconde for "optimisation - glpi_plugin_fusioninventory_deploypackages_entities" @ 2020-01-23 11:06:17 [@GLPI]
0 seconde for "optimisation - glpi_plugin_fusioninventory_deploypackages_groups" @ 2020-01-23 11:06:17 [@GLPI]
0 seconde for "optimisation - glpi_plugin_fusioninventory_deploypackages_profiles" @ 2020-01-23 11:06:17 [@GLPI]
0 seconde for "optimisation - glpi_plugin_fusioninventory_deploypackages_users" @ 2020-01-23 11:06:17 [@GLPI]
0 seconde for "optimisation - glpi_plugin_fusioninventory_entities" @ 2020-01-23 11:06:17 [@GLPI]
0 seconde for "optimisation - glpi_plugin_fusioninventory_ignoredimportdevices" @ 2020-01-23 11:06:17 [@GLPI]
0 seconde for "optimisation - glpi_plugin_fusioninventory_inventorycomputerblacklists" @ 2020-01-23 11:06:17 [@GLPI]
0 seconde for "optimisation - glpi_plugin_fusioninventory_inventorycomputercomputers" @ 2020-01-23 11:06:17 [@GLPI]
0 seconde for "optimisation - glpi_plugin_fusioninventory_inventorycomputercriterias" @ 2020-01-23 11:06:17 [@GLPI]
0 seconde for "optimisation - glpi_plugin_fusioninventory_inventorycomputerstats" @ 2020-01-23 11:06:17 [@GLPI]
0 seconde for "optimisation - glpi_plugin_fusioninventory_ipranges" @ 2020-01-23 11:06:17 [@GLPI]
0 seconde for "optimisation - glpi_plugin_fusioninventory_ipranges_configsecurities" @ 2020-01-23 11:06:17 [@GLPI]
0 seconde for "optimisation - glpi_plugin_fusioninventory_locks" @ 2020-01-23 11:06:17 [@GLPI]
0 seconde for "optimisation - glpi_plugin_fusioninventory_mappings" @ 2020-01-23 11:06:17 [@GLPI]
0 seconde for "optimisation - glpi_plugin_fusioninventory_networkequipments" @ 2020-01-23 11:06:17 [@GLPI]
0 seconde for "optimisation - glpi_plugin_fusioninventory_networkportconnectionlogs" @ 2020-01-23 11:06:17 [@GLPI]
0 seconde for "optimisation - glpi_plugin_fusioninventory_networkportlogs" @ 2020-01-23 11:06:17 [@GLPI]
0 seconde for "optimisation - glpi_plugin_fusioninventory_networkports" @ 2020-01-23 11:06:17 [@GLPI]
0 seconde for "optimisation - glpi_plugin_fusioninventory_networkporttypes" @ 2020-01-23 11:06:17 [@GLPI]
0 seconde for "optimisation - glpi_plugin_fusioninventory_ouis" @ 2020-01-23 11:06:17 [@GLPI]
0 seconde for "optimisation - glpi_plugin_fusioninventory_pcidevices" @ 2020-01-23 11:06:17 [@GLPI]
0 seconde for "optimisation - glpi_plugin_fusioninventory_pcivendors" @ 2020-01-23 11:06:17 [@GLPI]
0 seconde for "optimisation - glpi_plugin_fusioninventory_printercartridges" @ 2020-01-23 11:06:17 [@GLPI]
0 seconde for "optimisation - glpi_plugin_fusioninventory_printerlogs" @ 2020-01-23 11:06:17 [@GLPI]
0 seconde for "optimisation - glpi_plugin_fusioninventory_printers" @ 2020-01-23 11:06:17 [@GLPI]
0 seconde for "optimisation - glpi_plugin_fusioninventory_rulematchedlogs" @ 2020-01-23 11:06:17 [@GLPI]
0 seconde for "optimisation - glpi_plugin_fusioninventory_statediscoveries" @ 2020-01-23 11:06:17 [@GLPI]
0 seconde for "optimisation - glpi_plugin_fusioninventory_taskjoblogs" @ 2020-01-23 11:06:17 [@GLPI]
0 seconde for "optimisation - glpi_plugin_fusioninventory_taskjobs" @ 2020-01-23 11:06:17 [@GLPI]
0 seconde for "optimisation - glpi_plugin_fusioninventory_taskjobstates" @ 2020-01-23 11:06:17 [@GLPI]
0 seconde for "optimisation - glpi_plugin_fusioninventory_tasks" @ 2020-01-23 11:06:17 [@GLPI]
0 seconde for "optimisation - glpi_plugin_fusioninventory_timeslotentries" @ 2020-01-23 11:06:17 [@GLPI]
0 seconde for "optimisation - glpi_plugin_fusioninventory_timeslots" @ 2020-01-23 11:06:17 [@GLPI]
0 seconde for "optimisation - glpi_plugin_fusioninventory_unmanageds" @ 2020-01-23 11:06:17 [@GLPI]
0 seconde for "optimisation - glpi_plugin_fusioninventory_usbdevices" @ 2020-01-23 11:06:17 [@GLPI]
0 seconde for "optimisation - glpi_plugin_fusioninventory_usbvendors" @ 2020-01-23 11:06:17 [@GLPI]
0 seconde for "optimisation - glpi_plugin_ticketcleaner_filters" @ 2020-01-23 11:06:17 [@GLPI]
0 seconde for "optimisation - glpi_plugin_ticketcleaner_picturehashes" @ 2020-01-23 11:06:17 [@GLPI]
0 seconde for "optimisation - glpi_plugin_ticketcleaner_picturehashes_lastupdate" @ 2020-01-23 11:06:17 [@GLPI]
0 seconde for "optimisation - glpi_plugins" @ 2020-01-23 11:06:17 [@GLPI]
0 seconde for "optimisation - glpi_printermodels" @ 2020-01-23 11:06:17 [@GLPI]
0 seconde for "optimisation - glpi_printers" @ 2020-01-23 11:06:17 [@GLPI]
0 seconde for "optimisation - glpi_printertypes" @ 2020-01-23 11:06:17 [@GLPI]
0 seconde for "optimisation - glpi_problemcosts" @ 2020-01-23 11:06:17 [@GLPI]
0 seconde for "optimisation - glpi_problems" @ 2020-01-23 11:06:17 [@GLPI]
0 seconde for "optimisation - glpi_problems_suppliers" @ 2020-01-23 11:06:17 [@GLPI]
0 seconde for "optimisation - glpi_problems_tickets" @ 2020-01-23 11:06:17 [@GLPI]
0 seconde for "optimisation - glpi_problems_users" @ 2020-01-23 11:06:17 [@GLPI]
0 seconde for "optimisation - glpi_problemtasks" @ 2020-01-23 11:06:17 [@GLPI]
0 seconde for "optimisation - glpi_profilerights" @ 2020-01-23 11:06:17 [@GLPI]
0 seconde for "optimisation - glpi_profiles" @ 2020-01-23 11:06:17 [@GLPI]
0 seconde for "optimisation - glpi_profiles_reminders" @ 2020-01-23 11:06:17 [@GLPI]
0 seconde for "optimisation - glpi_profiles_rssfeeds" @ 2020-01-23 11:06:17 [@GLPI]
0 seconde for "optimisation - glpi_profiles_users" @ 2020-01-23 11:06:17 [@GLPI]
0 seconde for "optimisation - glpi_projectcosts" @ 2020-01-23 11:06:17 [@GLPI]
0 seconde for "optimisation - glpi_projectcosts_bak" @ 2020-01-23 11:06:17 [@GLPI]
0 seconde for "optimisation - glpi_projects" @ 2020-01-23 11:06:17 [@GLPI]
0 seconde for "optimisation - glpi_projectstates" @ 2020-01-23 11:06:18 [@GLPI]
1 seconde for "optimisation - glpi_projecttasks" @ 2020-01-23 11:06:18 [@GLPI]
0 seconde for "optimisation - glpi_projecttasks_tickets" @ 2020-01-23 11:06:18 [@GLPI]
0 seconde for "optimisation - glpi_projecttaskteams" @ 2020-01-23 11:06:18 [@GLPI]
0 seconde for "optimisation - glpi_projecttasktemplates" @ 2020-01-23 11:06:18 [@GLPI]
0 seconde for "optimisation - glpi_projecttasktypes" @ 2020-01-23 11:06:18 [@GLPI]
0 seconde for "optimisation - glpi_projectteams" @ 2020-01-23 11:06:18 [@GLPI]
0 seconde for "optimisation - glpi_projecttypes" @ 2020-01-23 11:06:18 [@GLPI]
0 seconde for "optimisation - glpi_queuedmails" @ 2020-01-23 11:06:19 [@GLPI]
1 seconde for "optimisation - glpi_queuednotifications" @ 2020-01-23 11:06:19 [@GLPI]
0 seconde for "optimisation - glpi_registeredids" @ 2020-01-23 11:06:19 [@GLPI]
0 seconde for "optimisation - glpi_reminders" @ 2020-01-23 11:06:19 [@GLPI]
0 seconde for "optimisation - glpi_reminders_users" @ 2020-01-23 11:06:19 [@GLPI]
0 seconde for "optimisation - glpi_requesttypes" @ 2020-01-23 11:06:19 [@GLPI]
0 seconde for "optimisation - glpi_reservationitems" @ 2020-01-23 11:06:19 [@GLPI]
0 seconde for "optimisation - glpi_reservations" @ 2020-01-23 11:06:19 [@GLPI]
0 seconde for "optimisation - glpi_rssfeeds" @ 2020-01-23 11:06:19 [@GLPI]
0 seconde for "optimisation - glpi_rssfeeds_users" @ 2020-01-23 11:06:19 [@GLPI]
0 seconde for "optimisation - glpi_ruleactions" @ 2020-01-23 11:06:19 [@GLPI]
0 seconde for "optimisation - glpi_rulecriterias" @ 2020-01-23 11:06:19 [@GLPI]
0 seconde for "optimisation - glpi_rulerightparameters" @ 2020-01-23 11:06:19 [@GLPI]
0 seconde for "optimisation - glpi_rules" @ 2020-01-23 11:06:19 [@GLPI]
0 seconde for "optimisation - glpi_savedsearches" @ 2020-01-23 11:06:19 [@GLPI]
0 seconde for "optimisation - glpi_savedsearches_alerts" @ 2020-01-23 11:06:19 [@GLPI]
0 seconde for "optimisation - glpi_savedsearches_users" @ 2020-01-23 11:06:19 [@GLPI]
0 seconde for "optimisation - glpi_slalevelactions" @ 2020-01-23 11:06:19 [@GLPI]
0 seconde for "optimisation - glpi_slalevelcriterias" @ 2020-01-23 11:06:19 [@GLPI]
0 seconde for "optimisation - glpi_slalevels" @ 2020-01-23 11:06:19 [@GLPI]
0 seconde for "optimisation - glpi_slalevels_tickets" @ 2020-01-23 11:06:19 [@GLPI]
0 seconde for "optimisation - glpi_slas" @ 2020-01-23 11:06:19 [@GLPI]
0 seconde for "optimisation - glpi_slms" @ 2020-01-23 11:06:19 [@GLPI]
0 seconde for "optimisation - glpi_slts" @ 2020-01-23 11:06:19 [@GLPI]
0 seconde for "optimisation - glpi_softwarecategories" @ 2020-01-23 11:06:19 [@GLPI]
0 seconde for "optimisation - glpi_softwarelicenses" @ 2020-01-23 11:06:19 [@GLPI]
0 seconde for "optimisation - glpi_softwarelicensetypes" @ 2020-01-23 11:06:19 [@GLPI]
0 seconde for "optimisation - glpi_softwares" @ 2020-01-23 11:06:19 [@GLPI]
0 seconde for "optimisation - glpi_softwareversions" @ 2020-01-23 11:06:19 [@GLPI]
0 seconde for "optimisation - glpi_solutiontemplates" @ 2020-01-23 11:06:19 [@GLPI]
0 seconde for "optimisation - glpi_solutiontypes" @ 2020-01-23 11:06:19 [@GLPI]
0 seconde for "optimisation - glpi_ssovariables" @ 2020-01-23 11:06:19 [@GLPI]
0 seconde for "optimisation - glpi_states" @ 2020-01-23 11:06:19 [@GLPI]
0 seconde for "optimisation - glpi_suppliers" @ 2020-01-23 11:06:19 [@GLPI]
0 seconde for "optimisation - glpi_suppliers_tickets" @ 2020-01-23 11:06:19 [@GLPI]
0 seconde for "optimisation - glpi_suppliertypes" @ 2020-01-23 11:06:19 [@GLPI]
0 seconde for "optimisation - glpi_taskcategories" @ 2020-01-23 11:06:19 [@GLPI]
0 seconde for "optimisation - glpi_tasktemplates" @ 2020-01-23 11:06:19 [@GLPI]
0 seconde for "optimisation - glpi_ticketcosts" @ 2020-01-23 11:06:19 [@GLPI]
0 seconde for "optimisation - glpi_ticketfollowups" @ 2020-01-23 11:06:19 [@GLPI]
0 seconde for "optimisation - glpi_ticketrecurrents" @ 2020-01-23 11:06:19 [@GLPI]
0 seconde for "optimisation - glpi_tickets" @ 2020-01-23 11:06:19 [@GLPI]
0 seconde for "optimisation - glpi_tickets_tickets" @ 2020-01-23 11:06:19 [@GLPI]
0 seconde for "optimisation - glpi_tickets_users" @ 2020-01-23 11:06:19 [@GLPI]
0 seconde for "optimisation - glpi_ticketsatisfactions" @ 2020-01-23 11:06:19 [@GLPI]
0 seconde for "optimisation - glpi_tickettasks" @ 2020-01-23 11:06:19 [@GLPI]
0 seconde for "optimisation - glpi_tickettemplatehiddenfields" @ 2020-01-23 11:06:19 [@GLPI]
0 seconde for "optimisation - glpi_tickettemplatemandatoryfields" @ 2020-01-23 11:06:19 [@GLPI]
0 seconde for "optimisation - glpi_tickettemplatepredefinedfields" @ 2020-01-23 11:06:19 [@GLPI]
0 seconde for "optimisation - glpi_tickettemplates" @ 2020-01-23 11:06:19 [@GLPI]
0 seconde for "optimisation - glpi_ticketvalidations" @ 2020-01-23 11:06:19 [@GLPI]
0 seconde for "optimisation - glpi_transfers" @ 2020-01-23 11:06:19 [@GLPI]
0 seconde for "optimisation - glpi_usercategories" @ 2020-01-23 11:06:19 [@GLPI]
0 seconde for "optimisation - glpi_useremails" @ 2020-01-23 11:06:19 [@GLPI]
0 seconde for "optimisation - glpi_users" @ 2020-01-23 11:06:19 [@GLPI]
0 seconde for "optimisation - glpi_usertitles" @ 2020-01-23 11:06:19 [@GLPI]
0 seconde for "optimisation - glpi_virtualmachinestates" @ 2020-01-23 11:06:19 [@GLPI]
0 seconde for "optimisation - glpi_virtualmachinesystems" @ 2020-01-23 11:06:19 [@GLPI]
0 seconde for "optimisation - glpi_virtualmachinetypes" @ 2020-01-23 11:06:19 [@GLPI]
0 seconde for "optimisation - glpi_vlans" @ 2020-01-23 11:06:19 [@GLPI]
0 seconde for "optimisation - glpi_wifinetworks" @ 